2024-04-05T15:57:10.815+08:00  INFO 20452 --- [main] lavalink.server.Launcher                 : Starting Launcher vc1ff05db1045c793764ebdff6e6c8e9bf2d6aaec-SNAPSHOT using Java 21.0.1 with PID 20452 (D:\Programming\Python\FCMusic\lavalink\Lavalink.jar started by Roy in D:\Programming\Python\FCMusic\lavalink)
2024-04-05T15:57:10.819+08:00  INFO 20452 --- [main] lavalink.server.Launcher                 : No active profile set, falling back to 1 default profile: "default"
2024-04-05T15:57:11.627+08:00  INFO 20452 --- [main] lavalink.server.Launcher                 : Started Launcher in 1.221 seconds (process running for 1.624)
2024-04-05T15:57:11.671+08:00  INFO 20452 --- [main] lavalink.server.Launcher                 : 

[32m       .  [31m _                  _ _       _    [32m__ _ _
[32m      /\\ [31m| | __ ___   ____ _| (_)_ __ | | __[32m\ \ \ \
[32m     ( ( )[31m| |/ _` \ \ / / _` | | | '_ \| |/ /[32m \ \ \ \
[32m      \\/ [31m| | (_| |\ V / (_| | | | | | |   < [32m  ) ) ) )
[32m       '  [31m|_|\__,_| \_/ \__,_|_|_|_| |_|_|\_\[32m / / / /
[0m    =========================================[32m/_/_/_/[0m

	Version:        c1ff05db1045c793764ebdff6e6c8e9bf2d6aaec-SNAPSHOT
	Build time:     30.03.2024 12:24:59 UTC
	Branch          dev
	Commit:         c1ff05d
	Commit time:    25.03.2024 13:13:06 UTC
	JVM:            21.0.1
	Lavaplayer      afec211f05c9dcf0b6ee44276a02f0316ea2458a-SNAPSHOT

2024-04-05T15:57:11.680+08:00  INFO 20452 --- [main] lavalink.server.Launcher                 : No active profile set, falling back to 1 default profile: "default"
2024-04-05T15:57:12.189+08:00  WARN 20452 --- [main] io.undertow.websockets.jsr               : UT026010: Buffer pool was not set on WebSocketDeploymentInfo, the default pool will be used
2024-04-05T15:57:12.207+08:00  INFO 20452 --- [main] io.undertow.servlet                      : Initializing Spring embedded WebApplicationContext
2024-04-05T15:57:12.208+08:00  INFO 20452 --- [main] w.s.c.ServletWebServerApplicationContext : Root WebApplicationContext: initialization completed in 522 ms
2024-04-05T15:57:12.309+08:00  WARN 20452 --- [main] l.server.config.SentryConfiguration      : Turning off sentry
2024-04-05T15:57:12.384+08:00  INFO 20452 --- [main] c.s.d.l.tools.GarbageCollectionMonitor   : GC monitoring enabled, reporting results every 2 minutes.
2024-04-05T15:57:12.897+08:00  INFO 20452 --- [main] l.server.config.KoeConfiguration         : OS: WINDOWS, Arch: X86_64
2024-04-05T15:57:12.898+08:00  INFO 20452 --- [main] l.server.config.KoeConfiguration         : Enabling JDA-NAS
2024-04-05T15:57:12.900+08:00  INFO 20452 --- [main] c.s.l.c.natives.NativeLibraryLoader      : Native library udpqueue: loading with filter null
2024-04-05T15:57:12.904+08:00  INFO 20452 --- [main] c.s.l.c.natives.NativeLibraryLoader      : Native library udpqueue: successfully loaded.
2024-04-05T15:57:13.114+08:00  INFO 20452 --- [main] io.undertow                              : starting server: Undertow - 2.3.6.Final
2024-04-05T15:57:13.123+08:00  INFO 20452 --- [main] org.xnio                                 : XNIO version 3.8.8.Final
2024-04-05T15:57:13.132+08:00  INFO 20452 --- [main] org.xnio.nio                             : XNIO NIO Implementation Version 3.8.8.Final
2024-04-05T15:57:13.208+08:00  INFO 20452 --- [main] org.jboss.threads                        : JBoss Threads version 3.5.0.Final
2024-04-05T15:57:13.264+08:00  INFO 20452 --- [main] o.s.b.w.e.undertow.UndertowWebServer     : Undertow started on port(s) 2333 (http)
2024-04-05T15:57:13.268+08:00  INFO 20452 --- [main] lavalink.server.Launcher                 : Started Launcher in 1.636 seconds (process running for 3.265)
2024-04-05T15:57:13.269+08:00  INFO 20452 --- [main] lavalink.server.Launcher                 : Lavalink is ready to accept connections.
2024-04-05T15:57:30.594+08:00  INFO 20452 --- [XNIO-1 task-2] io.undertow.servlet                      : Initializing Spring DispatcherServlet 'dispatcherServlet'
2024-04-05T15:57:30.594+08:00  INFO 20452 --- [XNIO-1 task-2] o.s.web.servlet.DispatcherServlet        : Initializing Servlet 'dispatcherServlet'
2024-04-05T15:57:30.595+08:00  INFO 20452 --- [XNIO-1 task-2] o.s.web.servlet.DispatcherServlet        : Completed initialization in 1 ms
2024-04-05T15:57:30.612+08:00  INFO 20452 --- [XNIO-1 task-2] l.server.io.HandshakeInterceptorImpl     : Incoming connection from /[0:0:0:0:0:0:0:1]:58951
2024-04-05T15:57:30.623+08:00  INFO 20452 --- [XNIO-1 task-2] l.server.io.RequestLoggingFilter         : GET /v4/websocket, client=0:0:0:0:0:0:0:1
2024-04-05T15:57:30.663+08:00  INFO 20452 --- [XNIO-1 task-2] lavalink.server.io.SocketServer          : Connection successfully established from Wavelink/3.1.2
2024-04-05T15:57:30.847+08:00  INFO 20452 --- [XNIO-1 task-3] l.server.io.RequestLoggingFilter         : PATCH /v4/sessions/33egtntuqjdor1lr, client=127.0.0.1, payload={"resuming": true, "timeout": 60}
2024-04-05T15:57:30.859+08:00  INFO 20452 --- [XNIO-1 task-3] l.server.io.RequestLoggingFilter         : GET /v4/info, client=127.0.0.1
2024-04-05T15:57:44.958+08:00  INFO 20452 --- [XNIO-1 task-3] l.server.io.RequestLoggingFilter         : PATCH /v4/sessions/33egtntuqjdor1lr/players/595257404535472130?noReplace=True, client=127.0.0.1, payload={"voice": {"sessionId": "cd7bd8b4894405d239fd2493141e1cfb", "token": "3d3b0b5d8d04764d", "endpoint": "hongkong11006.discord.media:443"}}
2024-04-05T15:57:44.987+08:00  INFO 20452 --- [XNIO-1 task-3] l.server.player.AudioLoaderRestHandler   : Got request to load for identifier "https://bit.ly/3LrOtEV"
2024-04-05T15:57:45.239+08:00  INFO 20452 --- [XNIO-1 task-3] c.s.d.l.s.y.YoutubeAccessTokenTracker    : Updating YouTube visitor id (current is null).
2024-04-05T15:57:45.303+08:00  INFO 20452 --- [XNIO-1 task-3] c.s.d.l.s.y.YoutubeAccessTokenTracker    : Updating YouTube visitor id succeeded, new one is Cgs1a0s3aWU2cWJjVSj53b6wBjIKCgJISxIEGgAgOg%3D%3D, next update will be after 600 seconds.
2024-04-05T15:57:45.304+08:00  WARN 20452 --- [XNIO-1 task-3] c.s.d.l.s.y.YoutubeAccessTokenTracker    : YouTube auth tokens can't be retrieved because email and password is not set in YoutubeAudioSourceManager, age restricted videos will throw exceptions.
2024-04-05T15:57:45.384+08:00  INFO 20452 --- [XNIO-1 task-3] lavalink.server.player.AudioLoader       : Loaded playlist 最近添加
2024-04-05T15:57:45.398+08:00  INFO 20452 --- [XNIO-1 task-3] l.server.io.RequestLoggingFilter         : GET /v4/loadtracks?identifier=https://bit.ly/3LrOtEV, client=127.0.0.1
2024-04-05T15:57:45.744+08:00  INFO 20452 --- [XNIO-1 task-3] l.server.io.RequestLoggingFilter         : PATCH /v4/sessions/33egtntuqjdor1lr/players/595257404535472130?noReplace=False, client=127.0.0.1, payload={"track": {"encoded": "QAABAgMAS2tyYWdlIC0gcmVxdWVzdCAoTXVzaWMgVmlkZW8pIOOAkFRWIEFuaW1l44CMU29sbyBMZXZlbGluZ+OAjWVuZGluZyB0aGVtZeOAkQAfa3JhZ2UgT2ZmaWNpYWwgWW91VHViZSBDaGFubmVsIAAAAAAAA36IAAtlYlltSW92OXpBWQABACtodHRwczovL3d3dy55b3V0dWJlLmNvbS93YXRjaD92PWViWW1Jb3Y5ekFZAQA6aHR0cHM6Ly9pLnl0aW1nLmNvbS92aV93ZWJwL2ViWW1Jb3Y5ekFZL21heHJlc2RlZmF1bHQud2VicAAAB3lvdXR1YmUAAAAAAAAAAA==", "userData": {}}, "volume": 100, "position": 0, "endTime": null, "paused": false, "filters": {"equalizer": [{"band": 0, "gain": 0.0}, {"band": 1, "gain": 0.0}, {"band": 2, "gain": 0.0}, {"band": 3, "gain": 0.0}, {"band": 4, "gain": 0.0}, {"band": 5, "gain": 0.0}, {"band": 6, "gain": 0.0}, {"band": 7, "gain": 0.0}, {"band": 8, "gain": 0.0}, {"band": 9, "gain": 0.0}, {"band": 10, "gain": 0.0}, {"band": 11, "gain": 0.0}, {"band": 12, "gain": 0.0}, {"band": 13, "gain": 0.0}, {"band": 14, "gain": 0.0}]}}
2024-04-05T16:00:17.083+08:00  INFO 20452 --- [XNIO-1 task-3] l.server.io.RequestLoggingFilter         : DELETE /v4/sessions/33egtntuqjdor1lr/players/595257404535472130, client=0:0:0:0:0:0:0:1
2024-04-05T16:00:34.172+08:00  INFO 20452 --- [XNIO-1 I/O-6] lavalink.server.io.SocketServer          : Connection closed from /[0:0:0:0:0:0:0:1]:58951 with status CloseStatus[code=1006, reason=] -- Session can be resumed within the next 60 seconds with id 33egtntuqjdor1lr
2024-04-05T16:01:34.184+08:00  INFO 20452 --- [pool-3-thread-1] lavalink.server.io.SocketContext         : Shutting down 0 playing players.
2024-04-05T16:02:18.925+08:00  INFO 20452 --- [XNIO-1 task-3] l.server.io.HandshakeInterceptorImpl     : Incoming connection from /[0:0:0:0:0:0:0:1]:59152
2024-04-05T16:02:18.926+08:00  INFO 20452 --- [XNIO-1 task-3] l.server.io.RequestLoggingFilter         : GET /v4/websocket, client=0:0:0:0:0:0:0:1
2024-04-05T16:02:18.927+08:00  INFO 20452 --- [XNIO-1 task-3] lavalink.server.io.SocketServer          : Connection successfully established from Wavelink/3.2.0
2024-04-05T16:02:18.930+08:00  INFO 20452 --- [XNIO-1 task-2] l.server.io.RequestLoggingFilter         : PATCH /v4/sessions/1ikbsv1izyvdph6c, client=127.0.0.1, payload={"resuming": true, "timeout": 60}
2024-04-05T16:02:18.933+08:00  INFO 20452 --- [XNIO-1 task-2] l.server.io.RequestLoggingFilter         : GET /v4/info, client=127.0.0.1
2024-04-05T16:02:36.026+08:00  INFO 20452 --- [XNIO-1 task-2] l.server.io.RequestLoggingFilter         : PATCH /v4/sessions/1ikbsv1izyvdph6c/players/595257404535472130?noReplace=True, client=0:0:0:0:0:0:0:1, payload={"voice": {"sessionId": "cc7fdbaacad2c6d51f93daf6156c59ce", "token": "d9d5d16a5c5ed37f", "endpoint": "hongkong11006.discord.media:443"}}
2024-04-05T16:02:36.028+08:00  INFO 20452 --- [XNIO-1 task-2] l.server.player.AudioLoaderRestHandler   : Got request to load for identifier "https://bit.ly/3LrOtEV"
2024-04-05T16:02:36.357+08:00  INFO 20452 --- [XNIO-1 task-2] lavalink.server.player.AudioLoader       : Loaded playlist 最近添加
2024-04-05T16:02:36.359+08:00  INFO 20452 --- [XNIO-1 task-2] l.server.io.RequestLoggingFilter         : GET /v4/loadtracks?identifier=https://bit.ly/3LrOtEV, client=0:0:0:0:0:0:0:1
2024-04-05T16:02:36.676+08:00  INFO 20452 --- [XNIO-1 task-2] l.server.io.RequestLoggingFilter         : PATCH /v4/sessions/1ikbsv1izyvdph6c/players/595257404535472130?noReplace=False, client=0:0:0:0:0:0:0:1, payload={"track": {"encoded": "QAABAgMAS2tyYWdlIC0gcmVxdWVzdCAoTXVzaWMgVmlkZW8pIOOAkFRWIEFuaW1l44CMU29sbyBMZXZlbGluZ+OAjWVuZGluZyB0aGVtZeOAkQAfa3JhZ2UgT2ZmaWNpYWwgWW91VHViZSBDaGFubmVsIAAAAAAAA36IAAtlYlltSW92OXpBWQABACtodHRwczovL3d3dy55b3V0dWJlLmNvbS93YXRjaD92PWViWW1Jb3Y5ekFZAQA6aHR0cHM6Ly9pLnl0aW1nLmNvbS92aV93ZWJwL2ViWW1Jb3Y5ekFZL21heHJlc2RlZmF1bHQud2VicAAAB3lvdXR1YmUAAAAAAAAAAA==", "userData": {}}, "volume": 100, "position": 0, "endTime": null, "paused": false, "filters": {"equalizer": [{"band": 0, "gain": 0.0}, {"band": 1, "gain": 0.0}, {"band": 2, "gain": 0.0}, {"band": 3, "gain": 0.0}, {"band": 4, "gain": 0.0}, {"band": 5, "gain": 0.0}, {"band": 6, "gain": 0.0}, {"band": 7, "gain": 0.0}, {"band": 8, "gain": 0.0}, {"band": 9, "gain": 0.0}, {"band": 10, "gain": 0.0}, {"band": 11, "gain": 0.0}, {"band": 12, "gain": 0.0}, {"band": 13, "gain": 0.0}, {"band": 14, "gain": 0.0}]}}
2024-04-05T16:04:38.444+08:00  INFO 20452 --- [XNIO-1 task-2] l.server.io.RequestLoggingFilter         : DELETE /v4/sessions/1ikbsv1izyvdph6c/players/595257404535472130, client=0:0:0:0:0:0:0:1
2024-04-05T16:04:38.468+08:00  INFO 20452 --- [XNIO-1 I/O-1] lavalink.server.io.SocketServer          : Connection closed from /[0:0:0:0:0:0:0:1]:59152 with status CloseStatus[code=1006, reason=] -- Session can be resumed within the next 60 seconds with id 1ikbsv1izyvdph6c
2024-04-05T16:05:38.477+08:00  INFO 20452 --- [pool-4-thread-1] lavalink.server.io.SocketContext         : Shutting down 0 playing players.
2024-04-05T16:07:01.980+08:00  INFO 20452 --- [XNIO-1 task-2] l.server.io.HandshakeInterceptorImpl     : Incoming connection from /[0:0:0:0:0:0:0:1]:59279
2024-04-05T16:07:01.981+08:00  INFO 20452 --- [XNIO-1 task-2] l.server.io.RequestLoggingFilter         : GET /v4/websocket, client=0:0:0:0:0:0:0:1
2024-04-05T16:07:01.983+08:00  INFO 20452 --- [XNIO-1 task-2] lavalink.server.io.SocketServer          : Connection successfully established from Wavelink/3.2.0
2024-04-05T16:07:01.986+08:00  INFO 20452 --- [XNIO-1 task-2] l.server.io.RequestLoggingFilter         : PATCH /v4/sessions/hzpgviyjoyw1oovs, client=127.0.0.1, payload={"resuming": true, "timeout": 60}
2024-04-05T16:07:01.988+08:00  INFO 20452 --- [XNIO-1 task-2] l.server.io.RequestLoggingFilter         : GET /v4/info, client=127.0.0.1
2024-04-05T16:07:13.377+08:00  INFO 20452 --- [XNIO-1 task-2] l.server.io.RequestLoggingFilter         : PATCH /v4/sessions/hzpgviyjoyw1oovs/players/595257404535472130?noReplace=True, client=127.0.0.1, payload={"voice": {"sessionId": "58cdacfcf0f2c26abcf4c64f347bbe76", "token": "b7a4eb64a12009d1", "endpoint": "hongkong11006.discord.media:443"}}
2024-04-05T16:07:13.379+08:00  INFO 20452 --- [XNIO-1 task-2] l.server.player.AudioLoaderRestHandler   : Got request to load for identifier "https://bit.ly/3LrOtEV"
2024-04-05T16:07:13.712+08:00  INFO 20452 --- [XNIO-1 task-2] lavalink.server.player.AudioLoader       : Loaded playlist 最近添加
2024-04-05T16:07:13.714+08:00  INFO 20452 --- [XNIO-1 task-2] l.server.io.RequestLoggingFilter         : GET /v4/loadtracks?identifier=https://bit.ly/3LrOtEV, client=127.0.0.1
2024-04-05T16:07:14.023+08:00  INFO 20452 --- [XNIO-1 task-2] l.server.io.RequestLoggingFilter         : PATCH /v4/sessions/hzpgviyjoyw1oovs/players/595257404535472130?noReplace=False, client=127.0.0.1, payload={"track": {"encoded": "QAABAgMAS2tyYWdlIC0gcmVxdWVzdCAoTXVzaWMgVmlkZW8pIOOAkFRWIEFuaW1l44CMU29sbyBMZXZlbGluZ+OAjWVuZGluZyB0aGVtZeOAkQAfa3JhZ2UgT2ZmaWNpYWwgWW91VHViZSBDaGFubmVsIAAAAAAAA36IAAtlYlltSW92OXpBWQABACtodHRwczovL3d3dy55b3V0dWJlLmNvbS93YXRjaD92PWViWW1Jb3Y5ekFZAQA6aHR0cHM6Ly9pLnl0aW1nLmNvbS92aV93ZWJwL2ViWW1Jb3Y5ekFZL21heHJlc2RlZmF1bHQud2VicAAAB3lvdXR1YmUAAAAAAAAAAA==", "userData": {}}, "volume": 100, "position": 0, "endTime": null, "paused": false, "filters": {"equalizer": [{"band": 0, "gain": 0.0}, {"band": 1, "gain": 0.0}, {"band": 2, "gain": 0.0}, {"band": 3, "gain": 0.0}, {"band": 4, "gain": 0.0}, {"band": 5, "gain": 0.0}, {"band": 6, "gain": 0.0}, {"band": 7, "gain": 0.0}, {"band": 8, "gain": 0.0}, {"band": 9, "gain": 0.0}, {"band": 10, "gain": 0.0}, {"band": 11, "gain": 0.0}, {"band": 12, "gain": 0.0}, {"band": 13, "gain": 0.0}, {"band": 14, "gain": 0.0}]}}
2024-04-05T16:11:02.028+08:00  INFO 20452 --- [XNIO-1 task-2] l.server.io.RequestLoggingFilter         : PATCH /v4/sessions/hzpgviyjoyw1oovs/players/595257404535472130?noReplace=False, client=0:0:0:0:0:0:0:1, payload={"track": {"encoded": "QAAA2gMANlZPUlRFWCAo44CK5pe25YWJ5Luj55CG5Lq656ys5LqM5a2j44CL5Yqo55S754mH5aS05puyKQAS55m96bKoSkFXUyAtIFRvcGljAAAAAAAD0JAAC3M2ZHh4WTNWSTVFAAEAK2h0dHBzOi8vd3d3LnlvdXR1YmUuY29tL3dhdGNoP3Y9czZkeHhZM1ZJNUUBADRodHRwczovL2kueXRpbWcuY29tL3ZpL3M2ZHh4WTNWSTVFL21heHJlc2RlZmF1bHQuanBnAAAHeW91dHViZQAAAAAAAAAA", "userData": {}}, "volume": 100, "position": 0, "endTime": null, "paused": false, "filters": {"equalizer": [{"band": 0, "gain": 0.0}, {"band": 1, "gain": 0.0}, {"band": 2, "gain": 0.0}, {"band": 3, "gain": 0.0}, {"band": 4, "gain": 0.0}, {"band": 5, "gain": 0.0}, {"band": 6, "gain": 0.0}, {"band": 7, "gain": 0.0}, {"band": 8, "gain": 0.0}, {"band": 9, "gain": 0.0}, {"band": 10, "gain": 0.0}, {"band": 11, "gain": 0.0}, {"band": 12, "gain": 0.0}, {"band": 13, "gain": 0.0}, {"band": 14, "gain": 0.0}]}}
2024-04-05T16:15:11.130+08:00  INFO 20452 --- [XNIO-1 task-2] l.server.io.RequestLoggingFilter         : PATCH /v4/sessions/hzpgviyjoyw1oovs/players/595257404535472130?noReplace=False, client=0:0:0:0:0:0:0:1, payload={"track": {"encoded": "QAAAygMALUhhd2sgTmVsc29uIC0gU29sZCBPdXQgKE9mZmljaWFsIEx5cmljIFZpZGVvKQALSGF3ayBOZWxzb24AAAAAAANu6AALR3NwRHliUGhPZVkAAQAraHR0cHM6Ly93d3cueW91dHViZS5jb20vd2F0Y2g/dj1Hc3BEeWJQaE9lWQEANGh0dHBzOi8vaS55dGltZy5jb20vdmkvR3NwRHliUGhPZVkvbWF4cmVzZGVmYXVsdC5qcGcAAAd5b3V0dWJlAAAAAAAAAAA=", "userData": {}}, "volume": 100, "position": 0, "endTime": null, "paused": false, "filters": {"equalizer": [{"band": 0, "gain": 0.0}, {"band": 1, "gain": 0.0}, {"band": 2, "gain": 0.0}, {"band": 3, "gain": 0.0}, {"band": 4, "gain": 0.0}, {"band": 5, "gain": 0.0}, {"band": 6, "gain": 0.0}, {"band": 7, "gain": 0.0}, {"band": 8, "gain": 0.0}, {"band": 9, "gain": 0.0}, {"band": 10, "gain": 0.0}, {"band": 11, "gain": 0.0}, {"band": 12, "gain": 0.0}, {"band": 13, "gain": 0.0}, {"band": 14, "gain": 0.0}]}}
2024-04-05T16:18:55.704+08:00  INFO 20452 --- [XNIO-1 task-2] l.server.io.RequestLoggingFilter         : PATCH /v4/sessions/hzpgviyjoyw1oovs/players/595257404535472130?noReplace=False, client=0:0:0:0:0:0:0:1, payload={"track": {"encoded": "QAAAtQMADOS4gOi3r+eUn+iKsQAR5rip5aWV5b+DIC0gVG9waWMAAAAAAAPr6AALUXBsU251OW43bjAAAQAraHR0cHM6Ly93d3cueW91dHViZS5jb20vd2F0Y2g/dj1RcGxTbnU5bjduMAEAOmh0dHBzOi8vaS55dGltZy5jb20vdmlfd2VicC9RcGxTbnU5bjduMC9tYXhyZXNkZWZhdWx0LndlYnAAAAd5b3V0dWJlAAAAAAAAAAA=", "userData": {}}, "volume": 100, "position": 0, "endTime": null, "paused": false, "filters": {"equalizer": [{"band": 0, "gain": 0.0}, {"band": 1, "gain": 0.0}, {"band": 2, "gain": 0.0}, {"band": 3, "gain": 0.0}, {"band": 4, "gain": 0.0}, {"band": 5, "gain": 0.0}, {"band": 6, "gain": 0.0}, {"band": 7, "gain": 0.0}, {"band": 8, "gain": 0.0}, {"band": 9, "gain": 0.0}, {"band": 10, "gain": 0.0}, {"band": 11, "gain": 0.0}, {"band": 12, "gain": 0.0}, {"band": 13, "gain": 0.0}, {"band": 14, "gain": 0.0}]}}
2024-04-05T16:23:12.009+08:00  INFO 20452 --- [XNIO-1 task-2] l.server.io.RequestLoggingFilter         : PATCH /v4/sessions/hzpgviyjoyw1oovs/players/595257404535472130?noReplace=False, client=0:0:0:0:0:0:0:1, payload={"track": {"encoded": "QAAA4QMAMeioseW1qSBWYWUgWHXjgJDmnInkvZXkuI3lj6/jgJHlrpjmlrnmrYzoqZ7niYggTVYAGOWkquWQiOmfs+aogiBUYWloZSBNdXNpYwAAAAAAA7kgAAtJemxpOGY2NmtvbwABACtodHRwczovL3d3dy55b3V0dWJlLmNvbS93YXRjaD92PUl6bGk4ZjY2a29vAQA6aHR0cHM6Ly9pLnl0aW1nLmNvbS92aV93ZWJwL0l6bGk4ZjY2a29vL21heHJlc2RlZmF1bHQud2VicAAAB3lvdXR1YmUAAAAAAAAAAA==", "userData": {}}, "volume": 100, "position": 0, "endTime": null, "paused": false, "filters": {"equalizer": [{"band": 0, "gain": 0.0}, {"band": 1, "gain": 0.0}, {"band": 2, "gain": 0.0}, {"band": 3, "gain": 0.0}, {"band": 4, "gain": 0.0}, {"band": 5, "gain": 0.0}, {"band": 6, "gain": 0.0}, {"band": 7, "gain": 0.0}, {"band": 8, "gain": 0.0}, {"band": 9, "gain": 0.0}, {"band": 10, "gain": 0.0}, {"band": 11, "gain": 0.0}, {"band": 12, "gain": 0.0}, {"band": 13, "gain": 0.0}, {"band": 14, "gain": 0.0}]}}
2024-04-05T16:24:13.704+08:00  INFO 20452 --- [XNIO-1 task-2] l.server.io.RequestLoggingFilter         : DELETE /v4/sessions/hzpgviyjoyw1oovs/players/595257404535472130, client=0:0:0:0:0:0:0:1
2024-04-05T16:24:13.747+08:00  INFO 20452 --- [XNIO-1 I/O-1] lavalink.server.io.SocketServer          : Connection closed from /[0:0:0:0:0:0:0:1]:59279 with status CloseStatus[code=1006, reason=] -- Session can be resumed within the next 60 seconds with id hzpgviyjoyw1oovs
2024-04-05T16:24:30.400+08:00  INFO 20452 --- [XNIO-1 task-2] l.server.io.HandshakeInterceptorImpl     : Incoming connection from /[0:0:0:0:0:0:0:1]:59730
2024-04-05T16:24:30.403+08:00  INFO 20452 --- [XNIO-1 task-2] l.server.io.RequestLoggingFilter         : GET /v4/websocket, client=0:0:0:0:0:0:0:1
2024-04-05T16:24:30.404+08:00  INFO 20452 --- [XNIO-1 task-2] lavalink.server.io.SocketServer          : Connection successfully established from Wavelink/3.2.0
2024-04-05T16:24:30.407+08:00  INFO 20452 --- [XNIO-1 task-2] l.server.io.RequestLoggingFilter         : PATCH /v4/sessions/ahgwrk0bbypb987g, client=127.0.0.1, payload={"resuming": true, "timeout": 60}
2024-04-05T16:24:30.409+08:00  INFO 20452 --- [XNIO-1 task-2] l.server.io.RequestLoggingFilter         : GET /v4/info, client=127.0.0.1
2024-04-05T16:24:40.434+08:00  INFO 20452 --- [XNIO-1 task-2] l.server.io.RequestLoggingFilter         : PATCH /v4/sessions/ahgwrk0bbypb987g/players/595257404535472130?noReplace=True, client=127.0.0.1, payload={"voice": {"sessionId": "698160c11ec6a4421d3961d8e00c2fd6", "token": "63ffe24362c86cd2", "endpoint": "hongkong11006.discord.media:443"}}
2024-04-05T16:24:40.436+08:00  INFO 20452 --- [XNIO-1 task-2] l.server.player.AudioLoaderRestHandler   : Got request to load for identifier "https://bit.ly/3LrOtEV"
2024-04-05T16:24:40.668+08:00  INFO 20452 --- [XNIO-1 task-2] c.s.d.l.s.y.YoutubeAccessTokenTracker    : Updating YouTube visitor id (current is Cgs1a0s3aWU2cWJjVSj53b6wBjIKCgJISxIEGgAgOg%3D%3D).
2024-04-05T16:24:40.696+08:00  INFO 20452 --- [XNIO-1 task-2] c.s.d.l.s.y.YoutubeAccessTokenTracker    : Updating YouTube visitor id succeeded, new one is CgtYTTU3SzE3ZmFlOCjI6r6wBjIKCgJISxIEGgAgPQ%3D%3D, next update will be after 600 seconds.
2024-04-05T16:24:40.758+08:00  INFO 20452 --- [XNIO-1 task-2] lavalink.server.player.AudioLoader       : Loaded playlist 最近添加
2024-04-05T16:24:40.760+08:00  INFO 20452 --- [XNIO-1 task-2] l.server.io.RequestLoggingFilter         : GET /v4/loadtracks?identifier=https://bit.ly/3LrOtEV, client=127.0.0.1
2024-04-05T16:24:41.097+08:00  INFO 20452 --- [XNIO-1 task-2] l.server.io.RequestLoggingFilter         : PATCH /v4/sessions/ahgwrk0bbypb987g/players/595257404535472130?noReplace=False, client=127.0.0.1, payload={"track": {"encoded": "QAABAgMAS2tyYWdlIC0gcmVxdWVzdCAoTXVzaWMgVmlkZW8pIOOAkFRWIEFuaW1l44CMU29sbyBMZXZlbGluZ+OAjWVuZGluZyB0aGVtZeOAkQAfa3JhZ2UgT2ZmaWNpYWwgWW91VHViZSBDaGFubmVsIAAAAAAAA36IAAtlYlltSW92OXpBWQABACtodHRwczovL3d3dy55b3V0dWJlLmNvbS93YXRjaD92PWViWW1Jb3Y5ekFZAQA6aHR0cHM6Ly9pLnl0aW1nLmNvbS92aV93ZWJwL2ViWW1Jb3Y5ekFZL21heHJlc2RlZmF1bHQud2VicAAAB3lvdXR1YmUAAAAAAAAAAA==", "userData": {}}, "volume": 100, "position": 0, "endTime": null, "paused": false, "filters": {"equalizer": [{"band": 0, "gain": 0.0}, {"band": 1, "gain": 0.0}, {"band": 2, "gain": 0.0}, {"band": 3, "gain": 0.0}, {"band": 4, "gain": 0.0}, {"band": 5, "gain": 0.0}, {"band": 6, "gain": 0.0}, {"band": 7, "gain": 0.0}, {"band": 8, "gain": 0.0}, {"band": 9, "gain": 0.0}, {"band": 10, "gain": 0.0}, {"band": 11, "gain": 0.0}, {"band": 12, "gain": 0.0}, {"band": 13, "gain": 0.0}, {"band": 14, "gain": 0.0}]}}
2024-04-05T16:25:12.532+08:00  INFO 20452 --- [XNIO-1 task-2] l.server.io.RequestLoggingFilter         : DELETE /v4/sessions/ahgwrk0bbypb987g/players/595257404535472130, client=0:0:0:0:0:0:0:1
2024-04-05T16:25:12.555+08:00  INFO 20452 --- [XNIO-1 I/O-1] lavalink.server.io.SocketServer          : Connection closed from /[0:0:0:0:0:0:0:1]:59730 with status CloseStatus[code=1006, reason=] -- Session can be resumed within the next 60 seconds with id ahgwrk0bbypb987g
2024-04-05T16:25:13.761+08:00  INFO 20452 --- [pool-5-thread-1] lavalink.server.io.SocketContext         : Shutting down 0 playing players.
2024-04-05T16:26:12.565+08:00  INFO 20452 --- [pool-6-thread-1] lavalink.server.io.SocketContext         : Shutting down 0 playing players.
2024-04-05T16:26:55.963+08:00  INFO 20452 --- [XNIO-1 task-2] l.server.io.HandshakeInterceptorImpl     : Incoming connection from /[0:0:0:0:0:0:0:1]:59796
2024-04-05T16:26:55.964+08:00  INFO 20452 --- [XNIO-1 task-2] l.server.io.RequestLoggingFilter         : GET /v4/websocket, client=0:0:0:0:0:0:0:1
2024-04-05T16:26:55.965+08:00  INFO 20452 --- [XNIO-1 task-2] lavalink.server.io.SocketServer          : Connection successfully established from Wavelink/3.2.0
2024-04-05T16:26:55.968+08:00  INFO 20452 --- [XNIO-1 task-2] l.server.io.RequestLoggingFilter         : PATCH /v4/sessions/rlztlu3ip34y0hwz, client=127.0.0.1, payload={"resuming": true, "timeout": 60}
2024-04-05T16:26:55.970+08:00  INFO 20452 --- [XNIO-1 task-2] l.server.io.RequestLoggingFilter         : GET /v4/info, client=127.0.0.1
2024-04-05T16:27:05.877+08:00  INFO 20452 --- [XNIO-1 task-2] l.server.io.RequestLoggingFilter         : PATCH /v4/sessions/rlztlu3ip34y0hwz/players/595257404535472130?noReplace=True, client=127.0.0.1, payload={"voice": {"sessionId": "3a90c1f17e20f888a7bb2529882d8f46", "token": "76c617669a762f24", "endpoint": "hongkong11006.discord.media:443"}}
2024-04-05T16:27:05.879+08:00  INFO 20452 --- [XNIO-1 task-2] l.server.player.AudioLoaderRestHandler   : Got request to load for identifier "https://bit.ly/3LrOtEV"
2024-04-05T16:27:06.180+08:00  INFO 20452 --- [XNIO-1 task-2] lavalink.server.player.AudioLoader       : Loaded playlist 最近添加
2024-04-05T16:27:06.183+08:00  INFO 20452 --- [XNIO-1 task-2] l.server.io.RequestLoggingFilter         : GET /v4/loadtracks?identifier=https://bit.ly/3LrOtEV, client=127.0.0.1
2024-04-05T16:27:06.530+08:00  INFO 20452 --- [XNIO-1 task-2] l.server.io.RequestLoggingFilter         : PATCH /v4/sessions/rlztlu3ip34y0hwz/players/595257404535472130?noReplace=False, client=127.0.0.1, payload={"track": {"encoded": "QAABAgMAS2tyYWdlIC0gcmVxdWVzdCAoTXVzaWMgVmlkZW8pIOOAkFRWIEFuaW1l44CMU29sbyBMZXZlbGluZ+OAjWVuZGluZyB0aGVtZeOAkQAfa3JhZ2UgT2ZmaWNpYWwgWW91VHViZSBDaGFubmVsIAAAAAAAA36IAAtlYlltSW92OXpBWQABACtodHRwczovL3d3dy55b3V0dWJlLmNvbS93YXRjaD92PWViWW1Jb3Y5ekFZAQA6aHR0cHM6Ly9pLnl0aW1nLmNvbS92aV93ZWJwL2ViWW1Jb3Y5ekFZL21heHJlc2RlZmF1bHQud2VicAAAB3lvdXR1YmUAAAAAAAAAAA==", "userData": {}}, "volume": 100, "position": 0, "endTime": null, "paused": false, "filters": {"equalizer": [{"band": 0, "gain": 0.0}, {"band": 1, "gain": 0.0}, {"band": 2, "gain": 0.0}, {"band": 3, "gain": 0.0}, {"band": 4, "gain": 0.0}, {"band": 5, "gain": 0.0}, {"band": 6, "gain": 0.0}, {"band": 7, "gain": 0.0}, {"band": 8, "gain": 0.0}, {"band": 9, "gain": 0.0}, {"band": 10, "gain": 0.0}, {"band": 11, "gain": 0.0}, {"band": 12, "gain": 0.0}, {"band": 13, "gain": 0.0}, {"band": 14, "gain": 0.0}]}}
2024-04-05T16:27:21.220+08:00  INFO 20452 --- [XNIO-1 task-2] l.server.io.RequestLoggingFilter         : DELETE /v4/sessions/rlztlu3ip34y0hwz/players/595257404535472130, client=127.0.0.1
2024-04-05T16:27:21.242+08:00  INFO 20452 --- [XNIO-1 I/O-6] lavalink.server.io.SocketServer          : Connection closed from /[0:0:0:0:0:0:0:1]:59796 with status CloseStatus[code=1006, reason=] -- Session can be resumed within the next 60 seconds with id rlztlu3ip34y0hwz
2024-04-05T16:28:21.250+08:00  INFO 20452 --- [pool-7-thread-1] lavalink.server.io.SocketContext         : Shutting down 0 playing players.
2024-04-05T16:34:45.913+08:00  INFO 20452 --- [XNIO-1 task-2] l.server.io.HandshakeInterceptorImpl     : Incoming connection from /[0:0:0:0:0:0:0:1]:60000
2024-04-05T16:34:45.915+08:00  INFO 20452 --- [XNIO-1 task-2] l.server.io.RequestLoggingFilter         : GET /v4/websocket, client=0:0:0:0:0:0:0:1
2024-04-05T16:34:45.916+08:00  INFO 20452 --- [XNIO-1 task-2] lavalink.server.io.SocketServer          : Connection successfully established from Wavelink/3.2.0
2024-04-05T16:34:45.919+08:00  INFO 20452 --- [XNIO-1 task-3] l.server.io.RequestLoggingFilter         : PATCH /v4/sessions/lfc0ol8nv63wtdp3, client=127.0.0.1, payload={"resuming": true, "timeout": 60}
2024-04-05T16:34:45.921+08:00  INFO 20452 --- [XNIO-1 task-3] l.server.io.RequestLoggingFilter         : GET /v4/info, client=127.0.0.1
2024-04-05T16:35:04.085+08:00  INFO 20452 --- [XNIO-1 task-3] l.server.io.RequestLoggingFilter         : PATCH /v4/sessions/lfc0ol8nv63wtdp3/players/595257404535472130?noReplace=True, client=0:0:0:0:0:0:0:1, payload={"voice": {"sessionId": "9ec22a8992fe0feb1a568b277e53bbee", "token": "4559431bf5a1b6bd", "endpoint": "hongkong11006.discord.media:443"}}
2024-04-05T16:35:04.087+08:00  INFO 20452 --- [XNIO-1 task-3] l.server.player.AudioLoaderRestHandler   : Got request to load for identifier "https://bit.ly/3Dh3mHe"
2024-04-05T16:35:04.320+08:00  INFO 20452 --- [XNIO-1 task-3] c.s.d.l.s.y.YoutubeAccessTokenTracker    : Updating YouTube visitor id (current is CgtYTTU3SzE3ZmFlOCjI6r6wBjIKCgJISxIEGgAgPQ%3D%3D).
2024-04-05T16:35:04.371+08:00  INFO 20452 --- [XNIO-1 task-3] c.s.d.l.s.y.YoutubeAccessTokenTracker    : Updating YouTube visitor id succeeded, new one is CgtfbExZTTlsbFJwbyi4776wBjIKCgJISxIEGgAgXw%3D%3D, next update will be after 600 seconds.
2024-04-05T16:35:05.331+08:00  INFO 20452 --- [XNIO-1 task-3] lavalink.server.player.AudioLoader       : Loaded playlist 二次元音樂
2024-04-05T16:35:05.346+08:00  INFO 20452 --- [XNIO-1 task-3] l.server.io.RequestLoggingFilter         : GET /v4/loadtracks?identifier=https://bit.ly/3Dh3mHe, client=0:0:0:0:0:0:0:1
2024-04-05T16:35:05.740+08:00  INFO 20452 --- [XNIO-1 task-3] l.server.io.RequestLoggingFilter         : PATCH /v4/sessions/lfc0ol8nv63wtdp3/players/595257404535472130?noReplace=False, client=0:0:0:0:0:0:0:1, payload={"track": {"encoded": "QAABAgMAS2tyYWdlIC0gcmVxdWVzdCAoTXVzaWMgVmlkZW8pIOOAkFRWIEFuaW1l44CMU29sbyBMZXZlbGluZ+OAjWVuZGluZyB0aGVtZeOAkQAfa3JhZ2UgT2ZmaWNpYWwgWW91VHViZSBDaGFubmVsIAAAAAAAA36IAAtlYlltSW92OXpBWQABACtodHRwczovL3d3dy55b3V0dWJlLmNvbS93YXRjaD92PWViWW1Jb3Y5ekFZAQA6aHR0cHM6Ly9pLnl0aW1nLmNvbS92aV93ZWJwL2ViWW1Jb3Y5ekFZL21heHJlc2RlZmF1bHQud2VicAAAB3lvdXR1YmUAAAAAAAAAAA==", "userData": {}}, "volume": 100, "position": 0, "endTime": null, "paused": false, "filters": {"equalizer": [{"band": 0, "gain": 0.0}, {"band": 1, "gain": 0.0}, {"band": 2, "gain": 0.0}, {"band": 3, "gain": 0.0}, {"band": 4, "gain": 0.0}, {"band": 5, "gain": 0.0}, {"band": 6, "gain": 0.0}, {"band": 7, "gain": 0.0}, {"band": 8, "gain": 0.0}, {"band": 9, "gain": 0.0}, {"band": 10, "gain": 0.0}, {"band": 11, "gain": 0.0}, {"band": 12, "gain": 0.0}, {"band": 13, "gain": 0.0}, {"band": 14, "gain": 0.0}]}}
2024-04-05T16:38:53.871+08:00  INFO 20452 --- [XNIO-1 task-3] l.server.io.RequestLoggingFilter         : PATCH /v4/sessions/lfc0ol8nv63wtdp3/players/595257404535472130?noReplace=False, client=0:0:0:0:0:0:0:1, payload={"track": {"encoded": "QAAA2gMANlZPUlRFWCAo44CK5pe25YWJ5Luj55CG5Lq656ys5LqM5a2j44CL5Yqo55S754mH5aS05puyKQAS55m96bKoSkFXUyAtIFRvcGljAAAAAAAD0JAAC3M2ZHh4WTNWSTVFAAEAK2h0dHBzOi8vd3d3LnlvdXR1YmUuY29tL3dhdGNoP3Y9czZkeHhZM1ZJNUUBADRodHRwczovL2kueXRpbWcuY29tL3ZpL3M2ZHh4WTNWSTVFL21heHJlc2RlZmF1bHQuanBnAAAHeW91dHViZQAAAAAAAAAA", "userData": {}}, "volume": 100, "position": 0, "endTime": null, "paused": false, "filters": {"equalizer": [{"band": 0, "gain": 0.0}, {"band": 1, "gain": 0.0}, {"band": 2, "gain": 0.0}, {"band": 3, "gain": 0.0}, {"band": 4, "gain": 0.0}, {"band": 5, "gain": 0.0}, {"band": 6, "gain": 0.0}, {"band": 7, "gain": 0.0}, {"band": 8, "gain": 0.0}, {"band": 9, "gain": 0.0}, {"band": 10, "gain": 0.0}, {"band": 11, "gain": 0.0}, {"band": 12, "gain": 0.0}, {"band": 13, "gain": 0.0}, {"band": 14, "gain": 0.0}]}}
2024-04-05T16:40:52.797+08:00  INFO 20452 --- [SpringApplicationShutdownHook] io.undertow                              : stopping server: Undertow - 2.3.6.Final
2024-04-05T16:40:52.799+08:00  INFO 20452 --- [SpringApplicationShutdownHook] io.undertow.servlet                      : Destroying Spring FrameworkServlet 'dispatcherServlet'
2024-04-05T16:40:52.801+08:00  INFO 20452 --- [SpringApplicationShutdownHook] c.s.d.l.tools.GarbageCollectionMonitor   : GC monitoring disabled.
2024-04-05T16:40:52.808+08:00  INFO 20452 --- [XNIO-1 I/O-3] lavalink.server.io.SocketServer          : Connection closed from /[0:0:0:0:0:0:0:1]:60000 with status CloseStatus[code=1006, reason=] -- Session can be resumed within the next 60 seconds with id lfc0ol8nv63wtdp3
2024-04-05T16:40:52.803+08:00  WARN 20452 --- [lava-daemon-pool-playback-1-thread-1] c.s.d.l.t.p.LocalAudioTrackExecutor      : Suspicious exception for playback of s6dxxY3VI5E

com.sedmelluq.discord.lavaplayer.tools.FriendlyException: The track was unexpectedly terminated.
	at com.sedmelluq.discord.lavaplayer.track.playback.LocalAudioTrackExecutor.handlePlaybackInterrupt(LocalAudioTrackExecutor.java:356) ~[lavaplayer-afec211f05c9dcf0b6ee44276a02f0316ea2458a-SNAPSHOT.jar!/:na]
	at com.sedmelluq.discord.lavaplayer.track.playback.LocalAudioTrackExecutor.executeProcessingLoop(LocalAudioTrackExecutor.java:300) ~[lavaplayer-afec211f05c9dcf0b6ee44276a02f0316ea2458a-SNAPSHOT.jar!/:na]
	at com.sedmelluq.discord.lavaplayer.track.playback.LocalAudioTrackExecutor.executeProcessingLoop(LocalAudioTrackExecutor.java:257) ~[lavaplayer-afec211f05c9dcf0b6ee44276a02f0316ea2458a-SNAPSHOT.jar!/:na]
	at com.sedmelluq.discord.lavaplayer.container.matroska.MatroskaAudioTrack.process(MatroskaAudioTrack.java:39) ~[lavaplayer-afec211f05c9dcf0b6ee44276a02f0316ea2458a-SNAPSHOT.jar!/:na]
	at com.sedmelluq.discord.lavaplayer.track.DelegatedAudioTrack.processDelegate(DelegatedAudioTrack.java:25) ~[lavaplayer-afec211f05c9dcf0b6ee44276a02f0316ea2458a-SNAPSHOT.jar!/:na]
	at com.sedmelluq.discord.lavaplayer.source.youtube.YoutubeAudioTrack.processStatic(YoutubeAudioTrack.java:90) ~[lavaplayer-afec211f05c9dcf0b6ee44276a02f0316ea2458a-SNAPSHOT.jar!/:na]
	at com.sedmelluq.discord.lavaplayer.source.youtube.YoutubeAudioTrack.processStaticWithRetry(YoutubeAudioTrack.java:72) ~[lavaplayer-afec211f05c9dcf0b6ee44276a02f0316ea2458a-SNAPSHOT.jar!/:na]
	at com.sedmelluq.discord.lavaplayer.source.youtube.YoutubeAudioTrack.process(YoutubeAudioTrack.java:53) ~[lavaplayer-afec211f05c9dcf0b6ee44276a02f0316ea2458a-SNAPSHOT.jar!/:na]
	at com.sedmelluq.discord.lavaplayer.track.playback.LocalAudioTrackExecutor.execute(LocalAudioTrackExecutor.java:101) ~[lavaplayer-afec211f05c9dcf0b6ee44276a02f0316ea2458a-SNAPSHOT.jar!/:na]
	at com.sedmelluq.discord.lavaplayer.player.DefaultAudioPlayerManager.lambda$executeTrack$2(DefaultAudioPlayerManager.java:330) ~[lavaplayer-afec211f05c9dcf0b6ee44276a02f0316ea2458a-SNAPSHOT.jar!/:na]
	at java.base/java.util.concurrent.ThreadPoolExecutor.runWorker(ThreadPoolExecutor.java:1144) ~[na:na]
	at java.base/java.util.concurrent.ThreadPoolExecutor$Worker.run(ThreadPoolExecutor.java:642) ~[na:na]
	at java.base/java.lang.Thread.run(Thread.java:1583) ~[na:na]
Caused by: java.lang.InterruptedException: null
	at java.base/java.util.concurrent.locks.AbstractQueuedSynchronizer$ConditionObject.await(AbstractQueuedSynchronizer.java:1722) ~[na:na]
	at java.base/java.util.concurrent.ArrayBlockingQueue.put(ArrayBlockingQueue.java:370) ~[na:na]
	at com.sedmelluq.discord.lavaplayer.track.playback.AllocatingAudioFrameBuffer.consume(AllocatingAudioFrameBuffer.java:180) ~[lavaplayer-afec211f05c9dcf0b6ee44276a02f0316ea2458a-SNAPSHOT.jar!/:na]
	at com.sedmelluq.discord.lavaplayer.container.common.OpusPacketRouter.passThrough(OpusPacketRouter.java:171) ~[lavaplayer-afec211f05c9dcf0b6ee44276a02f0316ea2458a-SNAPSHOT.jar!/:na]
	at com.sedmelluq.discord.lavaplayer.container.common.OpusPacketRouter.process(OpusPacketRouter.java:101) ~[lavaplayer-afec211f05c9dcf0b6ee44276a02f0316ea2458a-SNAPSHOT.jar!/:na]
	at com.sedmelluq.discord.lavaplayer.container.matroska.MatroskaOpusTrackConsumer.consume(MatroskaOpusTrackConsumer.java:47) ~[lavaplayer-afec211f05c9dcf0b6ee44276a02f0316ea2458a-SNAPSHOT.jar!/:na]
	at com.sedmelluq.discord.lavaplayer.container.matroska.MatroskaStreamingFile.processFrameInBlock(MatroskaStreamingFile.java:368) ~[lavaplayer-afec211f05c9dcf0b6ee44276a02f0316ea2458a-SNAPSHOT.jar!/:na]
	at com.sedmelluq.discord.lavaplayer.container.matroska.MatroskaStreamingFile.parseClusterSimpleBlock(MatroskaStreamingFile.java:332) ~[lavaplayer-afec211f05c9dcf0b6ee44276a02f0316ea2458a-SNAPSHOT.jar!/:na]
	at com.sedmelluq.discord.lavaplayer.container.matroska.MatroskaStreamingFile.parseNextCluster(MatroskaStreamingFile.java:317) ~[lavaplayer-afec211f05c9dcf0b6ee44276a02f0316ea2458a-SNAPSHOT.jar!/:na]
	at com.sedmelluq.discord.lavaplayer.container.matroska.MatroskaStreamingFile.provideFrames(MatroskaStreamingFile.java:293) ~[lavaplayer-afec211f05c9dcf0b6ee44276a02f0316ea2458a-SNAPSHOT.jar!/:na]
	at com.sedmelluq.discord.lavaplayer.container.matroska.MatroskaAudioTrack.lambda$process$0(MatroskaAudioTrack.java:40) ~[lavaplayer-afec211f05c9dcf0b6ee44276a02f0316ea2458a-SNAPSHOT.jar!/:na]
	at com.sedmelluq.discord.lavaplayer.track.playback.LocalAudioTrackExecutor.executeProcessingLoop(LocalAudioTrackExecutor.java:284) ~[lavaplayer-afec211f05c9dcf0b6ee44276a02f0316ea2458a-SNAPSHOT.jar!/:na]
	... 11 common frames omitted

2024-04-05T16:40:52.808+08:00 ERROR 20452 --- [XNIO-1 I/O-3] org.xnio.listener                        : XNIO001007: A channel event listener threw an exception

java.util.concurrent.RejectedExecutionException: XNIO007007: Thread is terminating
	at org.xnio.nio.WorkerThread.execute(WorkerThread.java:620) ~[xnio-nio-3.8.8.Final.jar!/:3.8.8.Final]
	at io.undertow.websockets.jsr.UndertowSession.close0(UndertowSession.java:362) ~[undertow-websockets-jsr-2.3.6.Final.jar!/:2.3.6.Final]
	at io.undertow.websockets.jsr.UndertowSession.closeInternal(UndertowSession.java:242) ~[undertow-websockets-jsr-2.3.6.Final.jar!/:2.3.6.Final]
	at io.undertow.websockets.jsr.UndertowSession$3$1.run(UndertowSession.java:402) ~[undertow-websockets-jsr-2.3.6.Final.jar!/:2.3.6.Final]
	at io.undertow.websockets.jsr.UndertowSession$3.handleEvent(UndertowSession.java:411) ~[undertow-websockets-jsr-2.3.6.Final.jar!/:2.3.6.Final]
	at io.undertow.websockets.jsr.UndertowSession$3.handleEvent(UndertowSession.java:389) ~[undertow-websockets-jsr-2.3.6.Final.jar!/:2.3.6.Final]
	at org.xnio.ChannelListeners.invokeChannelListener(ChannelListeners.java:92) ~[xnio-api-3.8.8.Final.jar!/:3.8.8.Final]
	at io.undertow.server.protocol.framed.AbstractFramedChannel$FrameCloseListener.handleEvent(AbstractFramedChannel.java:1085) ~[undertow-core-2.3.6.Final.jar!/:2.3.6.Final]
	at io.undertow.server.protocol.framed.AbstractFramedChannel$FrameCloseListener.handleEvent(AbstractFramedChannel.java:1004) ~[undertow-core-2.3.6.Final.jar!/:2.3.6.Final]
	at org.xnio.ChannelListeners.invokeChannelListener(ChannelListeners.java:92) ~[xnio-api-3.8.8.Final.jar!/:3.8.8.Final]
	at org.xnio.conduits.WriteReadyHandler$ChannelListenerHandler.terminated(WriteReadyHandler.java:70) ~[xnio-api-3.8.8.Final.jar!/:3.8.8.Final]
	at org.xnio.nio.NioSocketConduit.writeTerminated(NioSocketConduit.java:204) ~[xnio-nio-3.8.8.Final.jar!/:3.8.8.Final]
	at org.xnio.nio.NioSocketConduit.terminateWrites(NioSocketConduit.java:193) ~[xnio-nio-3.8.8.Final.jar!/:3.8.8.Final]
	at org.xnio.nio.NioSocketConduit.truncateWrites(NioSocketConduit.java:198) ~[xnio-nio-3.8.8.Final.jar!/:3.8.8.Final]
	at io.undertow.conduits.IdleTimeoutConduit.truncateWrites(IdleTimeoutConduit.java:387) ~[undertow-core-2.3.6.Final.jar!/:2.3.6.Final]
	at org.xnio.conduits.ConduitStreamSinkChannel.close(ConduitStreamSinkChannel.java:186) ~[xnio-api-3.8.8.Final.jar!/:3.8.8.Final]
	at org.xnio.IoUtils.safeClose(IoUtils.java:152) ~[xnio-api-3.8.8.Final.jar!/:3.8.8.Final]
	at org.xnio.conduits.WriteReadyHandler$ChannelListenerHandler.forceTermination(WriteReadyHandler.java:57) ~[xnio-api-3.8.8.Final.jar!/:3.8.8.Final]
	at org.xnio.nio.NioSocketConduit.forceTermination(NioSocketConduit.java:108) ~[xnio-nio-3.8.8.Final.jar!/:3.8.8.Final]
	at org.xnio.nio.WorkerThread.run(WorkerThread.java:507) ~[xnio-nio-3.8.8.Final.jar!/:3.8.8.Final]

